::1 - - [17/Dec/2018:18:33:31 +0300] "GET / HTTP/1.1" 200 46
::1 - - [17/Dec/2018:18:33:31 +0300] "GET /favicon.ico HTTP/1.1" 404 209
::1 - - [18/Dec/2018:15:35:52 +0300] "GET / HTTP/1.1" 200 46
::1 - - [18/Dec/2018:15:35:52 +0300] "GET /favicon.ico HTTP/1.1" 404 209
::1 - - [18/Dec/2018:15:36:28 +0300] "GET / HTTP/1.1" 200 46
::1 - - [18/Dec/2018:15:36:28 +0300] "GET /favicon.ico HTTP/1.1" 404 209
fe80::a0fb:9cb6:5881:7ab8 - - [18/Dec/2018:21:54:58 +0300] "OPTIONS /IPC%24 HTTP/1.1" 200 -
fe80::a0fb:9cb6:5881:7ab8 - - [18/Dec/2018:23:02:09 +0300] "OPTIONS / HTTP/1.1" 200 -
fe80::a0fb:9cb6:5881:7ab8 - - [18/Dec/2018:23:02:12 +0300] "OPTIONS /IPC%24 HTTP/1.1" 200 -
fe80::fcea:5a30:1517:ad80 - - [19/Dec/2018:09:34:27 +0300] "OPTIONS /IPC%24 HTTP/1.1" 200 -
fe80::18f4:10bc:7556:7fa4 - - [19/Dec/2018:09:41:08 +0300] "OPTIONS / HTTP/1.1" 200 -
fe80::18f4:10bc:7556:7fa4 - - [19/Dec/2018:09:41:11 +0300] "OPTIONS /IPC%24 HTTP/1.1" 200 -
fe80::18f4:10bc:7556:7fa4 - - [19/Dec/2018:11:00:12 +0300] "OPTIONS /IPC%24 HTTP/1.1" 200 -
fe80::18f4:10bc:7556:7fa4 - - [19/Dec/2018:12:00:41 +0300] "OPTIONS /IPC%24 HTTP/1.1" 200 -
fe80::18f4:10bc:7556:7fa4 - - [19/Dec/2018:12:58:51 +0300] "OPTIONS /IPC%24 HTTP/1.1" 200 -
fe80::18f4:10bc:7556:7fa4 - - [19/Dec/2018:16:11:27 +0300] "OPTIONS /IPC%24 HTTP/1.1" 200 -
fe80::18f4:10bc:7556:7fa4 - - [19/Dec/2018:17:44:47 +0300] "OPTIONS /IPC%24 HTTP/1.1" 200 -
fe80::18f4:10bc:7556:7fa4 - - [19/Dec/2018:18:58:05 +0300] "OPTIONS /IPC%24 HTTP/1.1" 200 -
fe80::18f4:10bc:7556:7fa4 - - [20/Dec/2018:14:20:02 +0300] "OPTIONS /IPC%24 HTTP/1.1" 200 -
fe80::18f4:10bc:7556:7fa4 - - [20/Dec/2018:17:39:04 +0300] "OPTIONS / HTTP/1.1" 200 -
fe80::18f4:10bc:7556:7fa4 - - [20/Dec/2018:17:39:07 +0300] "OPTIONS /IPC%24 HTTP/1.1" 200 -
fe80::18f4:10bc:7556:7fa4 - - [20/Dec/2018:20:52:00 +0300] "OPTIONS /IPC%24 HTTP/1.1" 200 -
fe80::18f4:10bc:7556:7fa4 - - [22/Dec/2018:14:37:55 +0300] "OPTIONS /IPC%24 HTTP/1.1" 200 -
fe80::18f4:10bc:7556:7fa4 - - [22/Dec/2018:17:06:18 +0300] "OPTIONS /IPC%24 HTTP/1.1" 200 -
fe80::18f4:10bc:7556:7fa4 - - [22/Dec/2018:19:36:02 +0300] "OPTIONS /IPC%24 HTTP/1.1" 200 -
fe80::18f4:10bc:7556:7fa4 - - [22/Dec/2018:20:44:34 +0300] "OPTIONS /IPC%24 HTTP/1.1" 200 -
fe80::18f4:10bc:7556:7fa4 - - [22/Dec/2018:23:31:32 +0300] "OPTIONS / HTTP/1.1" 200 -
fe80::18f4:10bc:7556:7fa4 - - [22/Dec/2018:23:31:36 +0300] "OPTIONS /IPC%24 HTTP/1.1" 200 -
fe80::18f4:10bc:7556:7fa4 - - [23/Dec/2018:15:41:12 +0300] "OPTIONS /IPC%24 HTTP/1.1" 200 -
fe80::18f4:10bc:7556:7fa4 - - [23/Dec/2018:19:07:06 +0300] "OPTIONS / HTTP/1.1" 200 -
fe80::18f4:10bc:7556:7fa4 - - [23/Dec/2018:19:07:09 +0300] "OPTIONS /IPC%24 HTTP/1.1" 200 -
fe80::18f4:10bc:7556:7fa4 - - [24/Dec/2018:11:04:20 +0300] "OPTIONS /IPC%24 HTTP/1.1" 200 -
fe80::18f4:10bc:7556:7fa4 - - [24/Dec/2018:14:13:39 +0300] "OPTIONS /IPC%24 HTTP/1.1" 200 -
fe81::18f4:10bc:7556:7fa4 - - [24/Dec/2018:18:12:34 +0300] "OPTIONS /IPC%24 HTTP/1.1" 200 -
fe81::18f4:10bc:7556:7fa4 - - [24/Dec/2018:18:12:34 +0300] "OPTIONS /IPC%24 HTTP/1.1" 200 -
fe81::18f4:10bc:7556:7fa4 - - [24/Dec/2018:18:12:34 +0300] "OPTIONS /IPC%24 HTTP/1.1" 200 -
fe81::18f4:10bc:7556:7fa4 - - [29/Dec/2018:18:12:34 +0300] "OPTIONS /IPC%24 HTTP/1.1" 200 -
fe81::18f4:10bc:7556:7fa4 - - [29/Dec/2018:18:12:34 +0300] "OPTIONS /IPC%24 HTTP/1.1" 200 -
fe82::18f4:10bc:7556:7fa4 - - [29/Dec/2018:18:12:34 +0300] "OPTIONS /IPC%24 HTTP/1.1" 200 -
fe82::18f4:10bc:7556:7fa4 - - [30/Dec/2018:18:12:34 +0300] "OPTIONS /IPC%24 HTTP/1.1" 200 -
fe83::18f4:10bc:7556:7fa4 - - [30/Dec/2018:18:12:34 +0300] "OPTIONS /IPC%24 HTTP/1.1" 200 -
fe83::18f4:10bc:7556:7fa4 - - [30/Dec/2018:18:12:34 +0300] "OPTIONS /IPC%24 HTTP/1.1" 200 -
fe83::18f4:10bc:7556:7fa4 - - [30/Dec/2018:18:12:34 +0300] "OPTIONS /IPC%24 HTTP/1.1" 200 -
::1 - - [24/Dec/2018:18:27:10 +0300] "GET / HTTP/1.1" 200 46
::1 - - [24/Dec/2018:18:27:10 +0300] "GET /favicon.ico HTTP/1.1" 404 209
::1 - - [24/Dec/2018:18:28:08 +0300] "GET /favicon.ico HTTP/1.1" 404 209
::1 - - [24/Dec/2018:18:48:23 +0300] "-" 408 -
::1 - - [24/Dec/2018:18:48:23 +0300] "-" 408 -
fe80::18f4:10bc:7556:7fa4 - - [24/Dec/2018:23:36:21 +0300] "OPTIONS /IPC%24 HTTP/1.1" 200 -
fe80::18f4:10bc:7556:7fa4 - - [25/Dec/2018:00:08:44 +0300] "OPTIONS /IPC%24 HTTP/1.1" 200 -
fe80::18f4:10bc:7556:7fa4 - - [25/Dec/2018:12:58:11 +0300] "OPTIONS /IPC%24 HTTP/1.1" 200 -
fe80::18f4:10bc:7556:7fa4 - - [25/Dec/2018:14:26:38 +0300] "OPTIONS /IPC%24 HTTP/1.1" 200 -
::1 - - [25/Dec/2018:14:52:14 +0300] "GET /favicon.ico HTTP/1.1" 404 209
fe80::18f4:10bc:7556:7fa4 - - [25/Dec/2018:14:52:30 +0300] "OPTIONS /IPC%24 HTTP/1.1" 200 -
fe80::18f4:10bc:7556:7fa4 - - [25/Dec/2018:20:16:28 +0300] "OPTIONS /IPC%24 HTTP/1.1" 200 -
fe80::18f4:10bc:7556:7fa4 - - [26/Dec/2018:12:52:52 +0300] "OPTIONS /IPC%24 HTTP/1.1" 200 -
fe80::18f4:10bc:7556:7fa4 - - [26/Dec/2018:14:31:18 +0300] "OPTIONS /IPC%24 HTTP/1.1" 200 -
fe80::18f4:10bc:7556:7fa4 - - [26/Dec/2018:16:36:39 +0300] "OPTIONS /IPC%24 HTTP/1.1" 200 -
fe80::18f4:10bc:7556:7fa4 - - [27/Dec/2018:15:01:00 +0300] "OPTIONS /IPC%24 HTTP/1.1" 200 -
fe80::18f4:10bc:7556:7fa4 - - [27/Dec/2018:19:16:09 +0300] "OPTIONS /IPC%24 HTTP/1.1" 200 -
fe80::18f4:10bc:7556:7fa4 - - [27/Dec/2018:21:07:59 +0300] "OPTIONS /IPC%24 HTTP/1.1" 200 -
::1 - - [27/Dec/2018:21:38:10 +0300] "GET / HTTP/1.1" 200 46
::1 - - [27/Dec/2018:21:38:11 +0300] "GET /favicon.ico HTTP/1.1" 404 209
fe80::18f4:10bc:7556:7fa4 - - [27/Dec/2018:21:45:43 +0300] "OPTIONS / HTTP/1.1" 200 -
fe80::18f4:10bc:7556:7fa4 - - [27/Dec/2018:21:45:47 +0300] "OPTIONS /IPC%24 HTTP/1.1" 200 -
fe80::18f4:10bc:7556:7fa4 - - [28/Dec/2018:11:36:48 +0300] "OPTIONS /IPC%24 HTTP/1.1" 200 -
fe80::18f4:10bc:7556:7fa4 - - [28/Dec/2018:14:39:50 +0300] "OPTIONS /IPC%24 HTTP/1.1" 200 -
fe80::18f4:10bc:7556:7fa4 - - [28/Dec/2018:23:11:01 +0300] "OPTIONS /IPC%24 HTTP/1.1" 200 -
fe80::18f4:10bc:7556:7fa4 - - [29/Dec/2018:00:14:01 +0300] "OPTIONS /IPC%24 HTTP/1.1" 200 -
fe80::18f4:10bc:7556:7fa4 - - [29/Dec/2018:12:17:26 +0300] "OPTIONS /IPC%24 HTTP/1.1" 200 -
fe80::18f4:10bc:7556:7fa4 - - [29/Dec/2018:15:20:16 +0300] "OPTIONS /IPC%24 HTTP/1.1" 200 -
fe80::18f4:10bc:7556:7fa4 - - [29/Dec/2018:18:03:26 +0300] "OPTIONS /IPC%24 HTTP/1.1" 200 -
fe80::18f4:10bc:7556:7fa4 - - [29/Dec/2018:19:59:15 +0300] "OPTIONS /IPC%24 HTTP/1.1" 200 -
fe80::18f4:10bc:7556:7fa4 - - [30/Dec/2018:11:02:43 +0300] "OPTIONS /IPC%24 HTTP/1.1" 200 -
fe80::18f4:10bc:7556:7fa4 - - [30/Dec/2018:18:22:02 +0300] "OPTIONS /IPC%24 HTTP/1.1" 200 -
fe80::18f4:10bc:7556:7fa4 - - [31/Dec/2018:15:05:58 +0300] "OPTIONS /IPC%24 HTTP/1.1" 200 -
fe80::18f4:10bc:7556:7fa4 - - [31/Dec/2018:15:34:16 +0300] "OPTIONS /IPC%24 HTTP/1.1" 200 -
fe80::18f4:10bc:7556:7fa4 - - [31/Dec/2018:21:04:33 +0300] "OPTIONS /IPC%24 HTTP/1.1" 200 -
fe80::18f4:10bc:7556:7fa4 - - [31/Dec/2018:21:38:22 +0300] "OPTIONS /IPC%24 HTTP/1.1" 200 -
fe80::18f4:10bc:7556:7fa4 - - [01/Jan/2019:12:44:12 +0300] "OPTIONS /IPC%24 HTTP/1.1" 200 -
fe80::18f4:10bc:7556:7fa4 - - [01/Jan/2019:12:46:26 +0300] "OPTIONS / HTTP/1.1" 200 -
fe80::18f4:10bc:7556:7fa4 - - [01/Jan/2019:12:46:29 +0300] "OPTIONS /IPC%24 HTTP/1.1" 200 -
fe80::18f4:10bc:7556:7fa4 - - [01/Jan/2019:13:58:10 +0300] "OPTIONS /IPC%24 HTTP/1.1" 200 -
fe80::18f4:10bc:7556:7fa4 - - [01/Jan/2019:18:53:08 +0300] "OPTIONS / HTTP/1.1" 200 -
fe80::18f4:10bc:7556:7fa4 - - [01/Jan/2019:18:53:11 +0300] "OPTIONS /IPC%24 HTTP/1.1" 200 -
fe80::18f4:10bc:7556:7fa4 - - [01/Jan/2019:23:53:00 +0300] "OPTIONS /IPC%24 HTTP/1.1" 200 -
fe80::18f4:10bc:7556:7fa4 - - [02/Jan/2019:12:14:41 +0300] "OPTIONS /IPC%24 HTTP/1.1" 200 -
fe80::18f4:10bc:7556:7fa4 - - [02/Jan/2019:19:02:44 +0300] "OPTIONS /IPC%24 HTTP/1.1" 200 -
fe80::18f4:10bc:7556:7fa4 - - [02/Jan/2019:21:53:53 +0300] "OPTIONS /IPC%24 HTTP/1.1" 200 -
fe80::18f4:10bc:7556:7fa4 - - [03/Jan/2019:00:06:10 +0300] "OPTIONS / HTTP/1.1" 200 -
fe80::18f4:10bc:7556:7fa4 - - [03/Jan/2019:00:06:13 +0300] "OPTIONS /IPC%24 HTTP/1.1" 200 -
fe80::18f4:10bc:7556:7fa4 - - [03/Jan/2019:13:23:58 +0300] "OPTIONS /IPC%24 HTTP/1.1" 200 -
fe80::18f4:10bc:7556:7fa4 - - [03/Jan/2019:20:55:26 +0300] "OPTIONS /IPC%24 HTTP/1.1" 200 -
fe80::18f4:10bc:7556:7fa4 - - [04/Jan/2019:12:24:35 +0300] "OPTIONS /IPC%24 HTTP/1.1" 200 -
fe80::18f4:10bc:7556:7fa4 - - [04/Jan/2019:19:04:28 +0300] "OPTIONS /IPC%24 HTTP/1.1" 200 -
fe80::18f4:10bc:7556:7fa4 - - [05/Jan/2019:12:43:57 +0300] "OPTIONS /IPC%24 HTTP/1.1" 200 -
fe80::18f4:10bc:7556:7fa4 - - [05/Jan/2019:20:54:29 +0300] "OPTIONS /IPC%24 HTTP/1.1" 200 -
fe80::18f4:10bc:7556:7fa4 - - [06/Jan/2019:10:13:57 +0300] "OPTIONS /IPC%24 HTTP/1.1" 200 -
fe80::18f4:10bc:7556:7fa4 - - [06/Jan/2019:12:40:43 +0300] "OPTIONS /IPC%24 HTTP/1.1" 200 -
fe80::18f4:10bc:7556:7fa4 - - [06/Jan/2019:13:38:15 +0300] "OPTIONS /IPC%24 HTTP/1.1" 200 -
fe80::18f4:10bc:7556:7fa4 - - [06/Jan/2019:20:27:40 +0300] "OPTIONS /IPC%24 HTTP/1.1" 200 -
fe80::18f4:10bc:7556:7fa4 - - [06/Jan/2019:20:55:12 +0300] "OPTIONS /IPC%24 HTTP/1.1" 200 -
::1 - - [06/Jan/2019:23:55:08 +0300] "GET /wordpress/wp-content/uploads/2018/07/icon.png HTTP/1.1" 404 243
::1 - - [06/Jan/2019:23:55:09 +0300] "GET /wordpress/wp-content/uploads/2018/07/newsmag.png HTTP/1.1" 404 246
::1 - - [06/Jan/2019:23:55:09 +0300] "GET /wordpress/wp-content/uploads/2018/07/icon.png HTTP/1.1" 404 243
fe80::18f4:10bc:7556:7fa4 - - [07/Jan/2019:08:18:44 +0300] "OPTIONS /IPC%24 HTTP/1.1" 200 -
fe80::18f4:10bc:7556:7fa4 - - [07/Jan/2019:09:19:17 +0300] "OPTIONS /IPC%24 HTTP/1.1" 200 -
fe80::18f4:10bc:7556:7fa4 - - [07/Jan/2019:15:57:34 +0300] "OPTIONS /IPC%24 HTTP/1.1" 200 -
fe80::18f4:10bc:7556:7fa4 - - [07/Jan/2019:20:39:23 +0300] "OPTIONS /IPC%24 HTTP/1.1" 200 -
fe80::18f4:10bc:7556:7fa4 - - [08/Jan/2019:14:05:23 +0300] "OPTIONS /IPC%24 HTTP/1.1" 200 -
fe80::18f4:10bc:7556:7fa4 - - [08/Jan/2019:15:40:17 +0300] "OPTIONS /IPC%24 HTTP/1.1" 200 -
fe80::18f4:10bc:7556:7fa4 - - [08/Jan/2019:16:47:50 +0300] "OPTIONS /IPC%24 HTTP/1.1" 200 -
fe80::18f4:10bc:7556:7fa4 - - [08/Jan/2019:19:07:20 +0300] "OPTIONS /IPC%24 HTTP/1.1" 200 -
fe80::18f4:10bc:7556:7fa4 - - [09/Jan/2019:07:00:53 +0300] "OPTIONS / HTTP/1.1" 200 -
fe80::18f4:10bc:7556:7fa4 - - [09/Jan/2019:07:00:56 +0300] "OPTIONS /IPC%24 HTTP/1.1" 200 -
fe80::18f4:10bc:7556:7fa4 - - [09/Jan/2019:07:43:16 +0300] "OPTIONS /IPC%24 HTTP/1.1" 200 -
fe80::18f4:10bc:7556:7fa4 - - [09/Jan/2019:08:32:49 +0300] "OPTIONS /IPC%24 HTTP/1.1" 200 -
fe80::18f4:10bc:7556:7fa4 - - [09/Jan/2019:11:28:52 +0300] "OPTIONS /IPC%24 HTTP/1.1" 200 -
fe80::18f4:10bc:7556:7fa4 - - [09/Jan/2019:12:12:37 +0300] "OPTIONS /IPC%24 HTTP/1.1" 200 -
fe80::18f4:10bc:7556:7fa4 - - [09/Jan/2019:12:17:45 +0300] "OPTIONS / HTTP/1.1" 200 -
fe80::18f4:10bc:7556:7fa4 - - [09/Jan/2019:12:17:49 +0300] "OPTIONS /IPC%24 HTTP/1.1" 200 -
172.20.10.2 - - [09/Jan/2019:12:32:51 +0300] "GET / HTTP/1.1" 200 46
172.20.10.2 - - [09/Jan/2019:12:32:52 +0300] "GET /HNAP1/ HTTP/1.1" 404 204
fe80::18f4:10bc:7556:7fa4 - - [09/Jan/2019:13:37:56 +0300] "OPTIONS /IPC%24 HTTP/1.1" 200 -
fe80::18f4:10bc:7556:7fa4 - - [09/Jan/2019:19:34:11 +0300] "OPTIONS /IPC%24 HTTP/1.1" 200 -
fe80::18f4:10bc:7556:7fa4 - - [09/Jan/2019:22:11:14 +0300] "OPTIONS / HTTP/1.1" 200 -
fe80::18f4:10bc:7556:7fa4 - - [09/Jan/2019:22:11:17 +0300] "OPTIONS /IPC%24 HTTP/1.1" 200 -
fe80::18f4:10bc:7556:7fa4 - - [10/Jan/2019:16:58:17 +0300] "OPTIONS /IPC%24 HTTP/1.1" 200 -
fe80::18f4:10bc:7556:7fa4 - - [10/Jan/2019:17:42:45 +0300] "OPTIONS /IPC%24 HTTP/1.1" 200 -
fe80::18f4:10bc:7556:7fa4 - - [11/Jan/2019:08:48:02 +0300] "OPTIONS /IPC%24 HTTP/1.1" 200 -
fe80::18f4:10bc:7556:7fa4 - - [11/Jan/2019:17:16:49 +0300] "OPTIONS /IPC%24 HTTP/1.1" 200 -
fe80::18f4:10bc:7556:7fa4 - - [11/Jan/2019:22:03:30 +0300] "OPTIONS /IPC%24 HTTP/1.1" 200 -
fe80::18f4:10bc:7556:7fa4 - - [12/Jan/2019:00:13:28 +0300] "OPTIONS /IPC%24 HTTP/1.1" 200 -
fe80::18f4:10bc:7556:7fa4 - - [12/Jan/2019:00:14:33 +0300] "OPTIONS / HTTP/1.1" 200 -
fe80::18f4:10bc:7556:7fa4 - - [12/Jan/2019:00:14:37 +0300] "OPTIONS /IPC%24 HTTP/1.1" 200 -
fe80::18f4:10bc:7556:7fa4 - - [12/Jan/2019:13:34:24 +0300] "OPTIONS /IPC%24 HTTP/1.1" 200 -
fe80::18f4:10bc:7556:7fa4 - - [13/Jan/2019:10:13:30 +0300] "OPTIONS /IPC%24 HTTP/1.1" 200 -
fe80::18f4:10bc:7556:7fa4 - - [13/Jan/2019:10:58:36 +0300] "OPTIONS /IPC%24 HTTP/1.1" 200 -
fe80::18f4:10bc:7556:7fa4 - - [13/Jan/2019:14:10:00 +0300] "OPTIONS /IPC%24 HTTP/1.1" 200 -
fe80::18f4:10bc:7556:7fa4 - - [13/Jan/2019:16:26:11 +0300] "OPTIONS /IPC%24 HTTP/1.1" 200 -
fe80::18f4:10bc:7556:7fa4 - - [13/Jan/2019:22:10:11 +0300] "OPTIONS /IPC%24 HTTP/1.1" 200 -
fe80::18f4:10bc:7556:7fa4 - - [13/Jan/2019:22:51:13 +0300] "OPTIONS / HTTP/1.1" 200 -
fe80::18f4:10bc:7556:7fa4 - - [13/Jan/2019:22:51:16 +0300] "OPTIONS /IPC%24 HTTP/1.1" 200 -
fe80::18f4:10bc:7556:7fa4 - - [13/Jan/2019:22:53:50 +0300] "OPTIONS / HTTP/1.1" 200 -
fe80::18f4:10bc:7556:7fa4 - - [13/Jan/2019:22:53:53 +0300] "OPTIONS /IPC%24 HTTP/1.1" 200 -
fe80::18f4:10bc:7556:7fa4 - - [14/Jan/2019:07:12:47 +0300] "OPTIONS /IPC%24 HTTP/1.1" 200 -
fe80::18f4:10bc:7556:7fa4 - - [14/Jan/2019:13:09:34 +0300] "OPTIONS /IPC%24 HTTP/1.1" 200 -
fe80::18f4:10bc:7556:7fa4 - - [14/Jan/2019:15:11:32 +0300] "OPTIONS /IPC%24 HTTP/1.1" 200 -
fe80::18f4:10bc:7556:7fa4 - - [14/Jan/2019:21:33:25 +0300] "OPTIONS /IPC%24 HTTP/1.1" 200 -
fe80::18f4:10bc:7556:7fa4 - - [14/Jan/2019:22:13:21 +0300] "OPTIONS /IPC%24 HTTP/1.1" 200 -
fe80::18f4:10bc:7556:7fa4 - - [14/Jan/2019:22:34:58 +0300] "OPTIONS /IPC%24 HTTP/1.1" 200 -